<?xml version="1.0" encoding="UTF-8"?>
<!-- Generated by org.testng.reporters.JUnitXMLReporter -->
<testsuite ignored="0" hostname="DESKTOP-N08G7OQ" failures="0" tests="6" name="ChromeTest" time="39.259" errors="0" timestamp="10 Feb 2021 08:44:01 GMT">
  <testcase classname="ProductListAsc" name="startBrowserAndNavigateToTatocAdvanced" time="17.518"/>
  <testcase classname="ProductListDesc" name="startBrowserAndNavigateToTatocAdvanced" time="6.339"/>
  <testcase classname="ProductListAsc" name="sortAsc" time="11.62"/>
  <testcase classname="ProductListDesc" name="sortDesc" time="0.44"/>
  <testcase classname="ProductListAsc" name="checkListOrder" time="1.8"/>
  <testcase classname="ProductListDesc" name="checkListOrder" time="1.518"/>
</testsuite> <!-- ChromeTest -->
