<?xml version="1.0" encoding="UTF-8"?>
<!-- Generated by org.testng.reporters.JUnitXMLReporter -->
<testsuite ignored="0" hostname="DESKTOP-N08G7OQ" failures="0" tests="6" name="FirefoxTest" time="32.904" errors="0" timestamp="10 Feb 2021 08:43:55 GMT">
  <testcase classname="ProductListAsc" name="startBrowserAndNavigateToTatocAdvanced" time="21.59"/>
  <testcase classname="ProductListDesc" name="startBrowserAndNavigateToTatocAdvanced" time="6.137"/>
  <testcase classname="ProductListAsc" name="sortAsc" time="1.082"/>
  <testcase classname="ProductListDesc" name="sortDesc" time="0.379"/>
  <testcase classname="ProductListAsc" name="checkListOrder" time="1.9"/>
  <testcase classname="ProductListDesc" name="checkListOrder" time="1.793"/>
</testsuite> <!-- FirefoxTest -->
