<?xml version="1.0" encoding="UTF-8"?>
<!-- Generated by org.testng.reporters.JUnitXMLReporter -->
<testsuite ignored="0" hostname="DESKTOP-N08G7OQ" failures="0" tests="3" name="ProductListDesc_2" time="8.249" errors="0" timestamp="10 Feb 2021 18:36:06 GMT">
  <testcase classname="ProductListDesc" name="startBrowserAndNavigateToUrl" time="5.095"/>
  <testcase classname="ProductListDesc" name="sortDesc" time="1.889"/>
  <testcase classname="ProductListDesc" name="checkListOrder" time="1.245"/>
</testsuite> <!-- ProductListDesc_2 -->
