<?xml version="1.0" encoding="UTF-8"?>
<!-- Generated by org.testng.reporters.JUnitXMLReporter -->
<testsuite ignored="0" hostname="DESKTOP-N08G7OQ" failures="0" tests="3" name="ProductListDesc_1" time="8.336" errors="0" timestamp="10 Feb 2021 18:36:06 GMT">
  <testcase classname="ProductListDesc" name="startBrowserAndNavigateToUrl" time="5.116"/>
  <testcase classname="ProductListDesc" name="sortDesc" time="1.135"/>
  <testcase classname="ProductListDesc" name="checkListOrder" time="2.066"/>
</testsuite> <!-- ProductListDesc_1 -->
