<?xml version="1.0" encoding="UTF-8"?>
<testsuite xmlns:xsi="http://www.w3.org/2001/XMLSchema-instance" xsi:noNamespaceSchemaLocation="https://maven.apache.org/surefire/maven-surefire-plugin/xsd/surefire-test-report.xsd" name="TestSuite" time="39.56" tests="12" errors="0" skipped="0" failures="0">
  <properties>
[...]
</properties>
  <testcase name="startBrowserAndNavigateToTatocAdvanced" classname="ProductListAsc" time="17.519"/>
  <testcase name="startBrowserAndNavigateToTatocAdvanced" classname="ProductListAsc" time="4.067"/>
  <testcase name="startBrowserAndNavigateToTatocAdvanced" classname="ProductListDesc" time="2.267"/>
  <testcase name="startBrowserAndNavigateToTatocAdvanced" classname="ProductListDesc" time="3.871"/>
  <testcase name="sortAsc" classname="ProductListAsc" time="1.079"/>
  <testcase name="sortAsc" classname="ProductListAsc" time="4.389"/>
  <testcase name="sortDesc" classname="ProductListDesc" time="0.378"/>
  <testcase name="sortDesc" classname="ProductListDesc" time="0.441"/>
  <testcase name="checkListOrder" classname="ProductListAsc" time="1.901"/>
  <testcase name="checkListOrder" classname="ProductListAsc" time="1.804"/>
  <testcase name="checkListOrder" classname="ProductListDesc" time="1.795"/>
  <testcase name="checkListOrder" classname="ProductListDesc" time="1.516"/>
</testsuite>