<?xml version="1.0" encoding="UTF-8"?>
<testng-results ignored="0" total="3" passed="3" failed="0" skipped="0">
  <reporter-output>
  </reporter-output>
  <suite started-at="2021-02-07T19:19:54Z" name="Advanced Tatoc" finished-at="2021-02-07T19:20:00Z" duration-ms="6604">
    <groups>
    </groups>
    <test started-at="2021-02-07T19:19:54Z" name="Tests" finished-at="2021-02-07T19:20:00Z" duration-ms="6604">
      <class name="ProductList">
        <test-method signature="startBrowserAndNavigateToTatocAdvanced()[pri:0, instance:ProductList@62bd765]" started-at="2021-02-08T00:49:54Z" name="startBrowserAndNavigateToTatocAdvanced" finished-at="2021-02-08T00:49:58Z" duration-ms="4589" status="PASS">
          <reporter-output>
          </reporter-output>
        </test-method> <!-- startBrowserAndNavigateToTatocAdvanced -->
        <test-method signature="sort()[pri:0, instance:ProductList@62bd765]" started-at="2021-02-08T00:49:58Z" name="sort" finished-at="2021-02-08T00:49:59Z" depends-on-methods="ProductList.startBrowserAndNavigateToTatocAdvanced" duration-ms="357" status="PASS">
          <reporter-output>
          </reporter-output>
        </test-method> <!-- sort -->
        <test-method signature="checkListOrder()[pri:0, instance:ProductList@62bd765]" started-at="2021-02-08T00:49:59Z" name="checkListOrder" finished-at="2021-02-08T00:50:00Z" depends-on-methods="ProductList.sort" duration-ms="1643" status="PASS">
          <reporter-output>
          </reporter-output>
        </test-method> <!-- checkListOrder -->
      </class> <!-- ProductList -->
    </test> <!-- Tests -->
  </suite> <!-- Advanced Tatoc -->
</testng-results>
