<?xml version="1.0" encoding="UTF-8"?>
<testsuite xmlns:xsi="http://www.w3.org/2001/XMLSchema-instance" xsi:noNamespaceSchemaLocation="https://maven.apache.org/surefire/maven-surefire-plugin/xsd/surefire-test-report.xsd" name="TestSuite" time="6.862" tests="3" errors="0" skipped="0" failures="0">
  <properties>
[...]
</properties>
  <testcase name="startBrowserAndNavigateToTatocAdvanced" classname="ProductList" time="4.59"/>
  <testcase name="sort" classname="ProductList" time="0.357"/>
  <testcase name="checkListOrder" classname="ProductList" time="1.645"/>
</testsuite>